Solução CVRP
============

Rota 1:
Sequência: 150 -> 102 -> 4 -> 75 -> 48 -> 8 -> 61 -> 37 -> 77 -> 10 -> 31 -> 118 -> 50 -> 0 -> 119 -> 21 -> 104 -> 150
Demanda total: 200
Distância: 103

Rota 2:
Sequência: 150 -> 11 -> 46 -> 55 -> 143 -> 144 -> 16 -> 146 -> 141 -> 108 -> 3 -> 145 -> 148 -> 142 -> 150
Demanda total: 200
Distância: 38

Rota 3:
Sequência: 150 -> 45 -> 76 -> 26 -> 80 -> 137 -> 47 -> 111 -> 59 -> 7 -> 139 -> 25 -> 112 -> 60 -> 6 -> 95 -> 140 -> 150
Demanda total: 200
Distância: 115

Rota 4:
Sequência: 150 -> 107 -> 89 -> 70 -> 122 -> 121 -> 123 -> 32 -> 71 -> 90 -> 44 -> 14 -> 51 -> 43 -> 106 -> 64 -> 92 -> 91 -> 109 -> 150
Demanda total: 199
Distância: 104

Rota 5:
Sequência: 150 -> 138 -> 67 -> 5 -> 56 -> 131 -> 97 -> 23 -> 96 -> 85 -> 42 -> 98 -> 68 -> 150
Demanda total: 199
Distância: 75

Rota 6:
Sequência: 150 -> 62 -> 36 -> 136 -> 86 -> 147 -> 134 -> 110 -> 65 -> 40 -> 93 -> 66 -> 73 -> 150
Demanda total: 199
Distância: 124

Rota 7:
Sequência: 150 -> 101 -> 17 -> 54 -> 133 -> 132 -> 13 -> 57 -> 24 -> 94 -> 12 -> 18 -> 150
Demanda total: 200
Distância: 81

Rota 8:
Sequência: 150 -> 125 -> 15 -> 126 -> 52 -> 28 -> 128 -> 82 -> 130 -> 19 -> 58 -> 2 -> 120 -> 127 -> 150
Demanda total: 199
Distância: 72

Rota 9:
Sequência: 150 -> 99 -> 1 -> 100 -> 69 -> 27 -> 30 -> 81 -> 79 -> 115 -> 114 -> 35 -> 84 -> 20 -> 150
Demanda total: 198
Distância: 123

Rota 10:
Sequência: 150 -> 9 -> 53 -> 38 -> 88 -> 105 -> 124 -> 72 -> 116 -> 74 -> 29 -> 103 -> 49 -> 150
Demanda total: 200
Distância: 100

Rota 11:
Sequência: 150 -> 117 -> 129 -> 33 -> 78 -> 83 -> 34 -> 22 -> 113 -> 149 -> 41 -> 63 -> 39 -> 150
Demanda total: 190
Distância: 211

Rota 12:
Sequência: 150 -> 135 -> 87 -> 150
Demanda total: 51
Distância: 48

Distância total: 1194
