Solução CVRP
============

Rota 1:
Sequência: 199 -> 5 -> 60 -> 32 -> 104 -> 95 -> 187 -> 15 -> 116 -> 2 -> 54 -> 43 -> 105 -> 158 -> 199
Demanda total: 200
Distância: 52

Rota 2:
Sequência: 199 -> 151 -> 53 -> 29 -> 138 -> 1 -> 85 -> 111 -> 65 -> 193 -> 192 -> 194 -> 52 -> 190 -> 189 -> 115 -> 144 -> 199
Demanda total: 200
Distância: 89

Rota 3:
Sequência: 199 -> 94 -> 125 -> 16 -> 75 -> 39 -> 129 -> 11 -> 49 -> 168 -> 70 -> 128 -> 9 -> 199
Demanda total: 199
Distância: 46

Rota 4:
Sequência: 199 -> 126 -> 3 -> 110 -> 57 -> 26 -> 98 -> 166 -> 178 -> 12 -> 82 -> 122 -> 127 -> 176 -> 153 -> 199
Demanda total: 200
Distância: 86

Rota 5:
Sequência: 199 -> 59 -> 25 -> 80 -> 167 -> 99 -> 148 -> 50 -> 6 -> 131 -> 34 -> 177 -> 77 -> 7 -> 69 -> 188 -> 199
Demanda total: 200
Distância: 95

Rota 6:
Sequência: 199 -> 156 -> 100 -> 27 -> 63 -> 92 -> 21 -> 140 -> 90 -> 112 -> 41 -> 67 -> 142 -> 40 -> 198 -> 199
Demanda total: 200
Distância: 59

Rota 7:
Sequência: 199 -> 86 -> 124 -> 97 -> 44 -> 28 -> 58 -> 47 -> 119 -> 171 -> 170 -> 46 -> 154 -> 35 -> 172 -> 199
Demanda total: 199
Distância: 61

Rota 8:
Sequência: 199 -> 150 -> 186 -> 96 -> 160 -> 8 -> 38 -> 56 -> 108 -> 74 -> 161 -> 30 -> 79 -> 118 -> 199
Demanda total: 200
Distância: 72

Rota 9:
Sequência: 199 -> 33 -> 45 -> 64 -> 175 -> 101 -> 174 -> 179 -> 68 -> 107 -> 51 -> 149 -> 199
Demanda total: 197
Distância: 63

Rota 10:
Sequência: 199 -> 195 -> 0 -> 157 -> 197 -> 191 -> 183 -> 42 -> 135 -> 196 -> 159 -> 22 -> 182 -> 48 -> 199
Demanda total: 197
Distância: 60

Rota 11:
Sequência: 199 -> 66 -> 103 -> 181 -> 62 -> 106 -> 23 -> 73 -> 143 -> 180 -> 134 -> 199
Demanda total: 200
Distância: 76

Rota 12:
Sequência: 199 -> 185 -> 155 -> 93 -> 139 -> 120 -> 81 -> 173 -> 20 -> 4 -> 87 -> 36 -> 123 -> 14 -> 199
Demanda total: 198
Distância: 81

Rota 13:
Sequência: 199 -> 31 -> 71 -> 117 -> 24 -> 55 -> 109 -> 162 -> 147 -> 91 -> 17 -> 145 -> 199
Demanda total: 196
Distância: 81

Rota 14:
Sequência: 199 -> 152 -> 78 -> 102 -> 137 -> 19 -> 165 -> 121 -> 113 -> 141 -> 88 -> 72 -> 199
Demanda total: 195
Distância: 165

Rota 15:
Sequência: 199 -> 146 -> 61 -> 114 -> 89 -> 184 -> 136 -> 18 -> 132 -> 133 -> 84 -> 199
Demanda total: 199
Distância: 178

Rota 16:
Sequência: 199 -> 37 -> 76 -> 130 -> 164 -> 169 -> 10 -> 83 -> 13 -> 199
Demanda total: 186
Distância: 86

Distância total: 1350
