Solução CVRP
============

Rota 1:
Sequência: 100 -> 52 -> 57 -> 39 -> 20 -> 72 -> 71 -> 73 -> 21 -> 40 -> 74 -> 55 -> 22 -> 66 -> 54 -> 23 -> 100
Demanda total: 200
Distância: 97

Rota 2:
Sequência: 100 -> 26 -> 27 -> 25 -> 11 -> 79 -> 67 -> 76 -> 2 -> 78 -> 32 -> 80 -> 77 -> 100
Demanda total: 200
Distância: 62

Rota 3:
Sequência: 100 -> 88 -> 5 -> 93 -> 94 -> 96 -> 91 -> 58 -> 98 -> 95 -> 92 -> 84 -> 90 -> 36 -> 45 -> 100
Demanda total: 200
Distância: 81

Rota 4:
Sequência: 100 -> 12 -> 86 -> 1 -> 56 -> 14 -> 42 -> 41 -> 99 -> 97 -> 60 -> 15 -> 43 -> 13 -> 37 -> 16 -> 100
Demanda total: 198
Distância: 125

Rota 5:
Sequência: 100 -> 51 -> 17 -> 59 -> 4 -> 83 -> 82 -> 7 -> 44 -> 81 -> 47 -> 46 -> 35 -> 18 -> 6 -> 100
Demanda total: 199
Distância: 109

Rota 6:
Sequência: 100 -> 68 -> 0 -> 49 -> 75 -> 28 -> 33 -> 34 -> 70 -> 8 -> 50 -> 19 -> 29 -> 69 -> 30 -> 87 -> 10 -> 89 -> 100
Demanda total: 200
Distância: 143

Rota 7:
Sequência: 100 -> 53 -> 3 -> 38 -> 24 -> 9 -> 61 -> 62 -> 31 -> 65 -> 64 -> 63 -> 100
Demanda total: 196
Distância: 204

Rota 8:
Sequência: 100 -> 85 -> 48 -> 100
Demanda total: 65
Distância: 85

Distância total: 906
